2022-11-09 22:05:22,915	INFO	预约成功
2024-02-12 22:12:46,501	INFO	存在黑名单用户，不可执行预约操作
2024-02-12 22:12:46,501	ERROR	An error occurred: 存在黑名单用户，不可执行预约操作
2024-02-13 22:15:21,073	INFO	预约成功
2024-02-14 22:13:13,470	INFO	预约成功
2024-02-15 22:13:20,058	INFO	预约成功<br/>您已违约1次,详情请登录web端或联系管理员
2024-02-16 22:13:11,887	INFO	预约成功<br/>您已违约2次,详情请登录web端或联系管理员
2024-02-17 22:14:19,159	INFO	存在黑名单用户，不可执行预约操作
2024-02-17 22:14:19,159	ERROR	An error occurred: 存在黑名单用户，不可执行预约操作
2024-02-18 22:14:27,598	INFO	存在黑名单用户，不可执行预约操作
2024-02-18 22:14:27,599	ERROR	An error occurred: 存在黑名单用户，不可执行预约操作
2024-02-19 22:13:53,757	INFO	存在黑名单用户，不可执行预约操作
2024-02-19 22:13:53,757	ERROR	An error occurred: 存在黑名单用户，不可执行预约操作
2024-02-20 22:13:07,099	INFO	预约成功
2024-02-21 22:12:51,828	INFO	当前用户在该时段已存在预约，不可重复预约
2024-02-21 22:12:51,828	ERROR	An error occurred: 当前用户在该时段已存在预约，不可重复预约
2024-02-22 22:13:06,382	INFO	当前用户在该时段已存在预约，不可重复预约
2024-02-22 22:13:06,382	ERROR	An error occurred: 当前用户在该时段已存在预约，不可重复预约
2024-02-23 22:12:44,492	INFO	当前用户在该时段已存在预约，不可重复预约
2024-02-23 22:12:44,492	ERROR	An error occurred: 当前用户在该时段已存在预约，不可重复预约
2024-02-24 22:13:05,445	INFO	存在黑名单用户，不可执行预约操作
2024-02-24 22:13:05,445	ERROR	An error occurred: 存在黑名单用户，不可执行预约操作
2024-02-25 22:13:24,061	INFO	存在黑名单用户，不可执行预约操作
2024-02-25 22:13:24,061	ERROR	An error occurred: 存在黑名单用户，不可执行预约操作
2024-02-26 22:14:19,767	INFO	存在黑名单用户，不可执行预约操作
2024-02-26 22:14:19,767	ERROR	An error occurred: 存在黑名单用户，不可执行预约操作
2024-02-27 22:14:43,160	INFO	当前用户在该时段已存在预约，不可重复预约
2024-02-27 22:14:43,160	ERROR	An error occurred: 当前用户在该时段已存在预约，不可重复预约
2024-02-28 22:12:44,826	INFO	当前用户在该时段已存在预约，不可重复预约
2024-02-28 22:12:44,826	ERROR	An error occurred: 当前用户在该时段已存在预约，不可重复预约
2024-02-29 22:12:39,003	INFO	当前用户在该时段已存在预约，不可重复预约
2024-02-29 22:12:39,003	ERROR	An error occurred: 当前用户在该时段已存在预约，不可重复预约
2024-03-01 22:12:59,895	INFO	当前用户在该时段已存在预约，不可重复预约
2024-03-01 22:12:59,895	ERROR	An error occurred: 当前用户在该时段已存在预约，不可重复预约
2024-03-02 22:13:12,248	INFO	存在黑名单用户，不可执行预约操作
2024-03-02 22:13:12,248	ERROR	An error occurred: 存在黑名单用户，不可执行预约操作
2024-03-03 22:12:13,675	INFO	存在黑名单用户，不可执行预约操作
2024-03-03 22:12:13,675	ERROR	An error occurred: 存在黑名单用户，不可执行预约操作
2024-03-04 22:12:42,275	INFO	存在黑名单用户，不可执行预约操作
2024-03-04 22:12:42,276	ERROR	An error occurred: 存在黑名单用户，不可执行预约操作
2024-03-05 22:12:59,430	INFO	当前用户在该时段已存在预约，不可重复预约
2024-03-05 22:12:59,430	ERROR	An error occurred: 当前用户在该时段已存在预约，不可重复预约
2024-03-06 22:14:00,591	INFO	当前用户在该时段已存在预约，不可重复预约
2024-03-06 22:14:00,591	ERROR	An error occurred: 当前用户在该时段已存在预约，不可重复预约
2024-03-07 22:13:10,850	INFO	当前用户在该时段已存在预约，不可重复预约
2024-03-07 22:13:10,850	ERROR	An error occurred: 当前用户在该时段已存在预约，不可重复预约
2024-03-08 22:14:57,581	INFO	当前用户在该时段已存在预约，不可重复预约
2024-03-08 22:14:57,581	ERROR	An error occurred: 当前用户在该时段已存在预约，不可重复预约
2024-03-09 22:13:58,997	INFO	存在黑名单用户，不可执行预约操作
2024-03-09 22:13:58,997	ERROR	An error occurred: 存在黑名单用户，不可执行预约操作
2024-03-10 22:14:07,697	INFO	存在黑名单用户，不可执行预约操作
2024-03-10 22:14:07,697	ERROR	An error occurred: 存在黑名单用户，不可执行预约操作
2025-03-16 22:11:02,086	INFO	预约成功<br/>您已违约1次,详情请登录web端或联系管理员
2025-03-17 22:12:24,578	INFO	预约成功<br/>您已违约1次,详情请登录web端或联系管理员
2025-03-18 22:11:48,145	INFO	预约成功<br/>您已违约1次,详情请登录web端或联系管理员
2025-03-19 22:12:06,984	INFO	预约成功<br/>您已违约1次,详情请登录web端或联系管理员
2025-03-20 22:11:36,669	INFO	预约成功<br/>您已违约1次,详情请登录web端或联系管理员
2025-03-21 22:12:03,800	INFO	预约成功<br/>您已违约1次,详情请登录web端或联系管理员
2025-03-22 22:10:47,289	INFO	预约成功<br/>您已违约1次,详情请登录web端或联系管理员
2025-03-23 22:11:18,508	INFO	预约成功<br/>您已违约1次,详情请登录web端或联系管理员
2025-03-24 22:12:26,361	INFO	预约成功<br/>您已违约1次,详情请登录web端或联系管理员
2025-03-25 22:11:46,495	INFO	预约成功<br/>您已违约1次,详情请登录web端或联系管理员
2025-03-26 22:11:40,051	INFO	预约成功<br/>您已违约1次,详情请登录web端或联系管理员
2025-03-27 22:11:38,347	INFO	预约成功<br/>您已违约2次,详情请登录web端或联系管理员
2025-03-28 22:12:15,538	INFO	预约成功<br/>您已违约2次,详情请登录web端或联系管理员
2025-03-29 22:10:49,223	INFO	预约成功<br/>您已违约2次,详情请登录web端或联系管理员
2025-03-30 22:11:21,365	INFO	预约成功<br/>您已违约2次,详情请登录web端或联系管理员
2025-03-31 22:12:40,267	INFO	预约成功<br/>您已违约2次,详情请登录web端或联系管理员
2025-04-01 22:12:13,583	INFO	预约成功<br/>您已违约2次,详情请登录web端或联系管理员
2025-04-02 22:11:40,851	INFO	预约成功<br/>您已违约2次,详情请登录web端或联系管理员
2025-04-03 22:11:40,191	INFO	预约成功<br/>您已违约2次,详情请登录web端或联系管理员
2025-04-04 22:11:51,216	INFO	预约成功<br/>您已违约2次,详情请登录web端或联系管理员
2025-04-05 22:10:56,495	INFO	预约成功<br/>您已违约2次,详情请登录web端或联系管理员
2025-04-06 22:11:25,254	INFO	预约成功<br/>您已违约2次,详情请登录web端或联系管理员
2025-04-07 22:12:31,428	INFO	预约成功<br/>您已违约2次,详情请登录web端或联系管理员
2025-04-08 22:11:53,649	INFO	预约成功<br/>您已违约2次,详情请登录web端或联系管理员
2025-04-09 22:12:06,011	INFO	预约成功<br/>您已违约2次,详情请登录web端或联系管理员
2025-04-10 22:12:35,330	INFO	预约成功<br/>您已违约2次,详情请登录web端或联系管理员
2025-04-11 22:11:52,975	INFO	预约成功<br/>您已违约2次,详情请登录web端或联系管理员
2025-04-12 22:11:12,744	INFO	预约成功<br/>您已违约2次,详情请登录web端或联系管理员
2025-04-13 22:11:33,945	INFO	预约成功<br/>您已违约2次,详情请登录web端或联系管理员
2025-04-14 22:12:21,091	INFO	预约成功<br/>您已违约2次,详情请登录web端或联系管理员
2025-04-15 22:12:16,340	INFO	预约成功<br/>您已违约2次,详情请登录web端或联系管理员
2025-04-16 22:11:48,794	INFO	预约成功<br/>您已违约2次,详情请登录web端或联系管理员
2025-04-17 22:11:44,322	INFO	预约成功<br/>您已违约2次,详情请登录web端或联系管理员
2025-04-18 22:12:24,254	INFO	预约成功<br/>您已违约2次,详情请登录web端或联系管理员
2025-04-19 22:11:19,335	INFO	预约成功<br/>您已违约2次,详情请登录web端或联系管理员
2025-04-20 22:11:44,375	INFO	预约成功<br/>您已违约2次,详情请登录web端或联系管理员
2025-04-21 22:12:52,065	INFO	预约成功<br/>您已违约2次,详情请登录web端或联系管理员
2025-04-22 22:11:56,402	INFO	预约成功<br/>您已违约2次,详情请登录web端或联系管理员
2025-04-23 22:12:37,870	INFO	预约成功<br/>您已违约2次,详情请登录web端或联系管理员
2025-04-24 22:11:55,390	INFO	预约成功<br/>您已违约2次,详情请登录web端或联系管理员
2025-04-25 22:12:05,053	INFO	预约成功<br/>您已违约2次,详情请登录web端或联系管理员
2025-04-26 22:11:30,708	INFO	预约成功<br/>您已违约2次,详情请登录web端或联系管理员
2025-04-27 22:11:42,002	INFO	预约成功<br/>您已违约2次,详情请登录web端或联系管理员
2025-04-28 22:12:53,112	INFO	预约成功<br/>您已违约2次,详情请登录web端或联系管理员
2025-04-29 22:12:12,719	INFO	预约成功<br/>您已违约2次,详情请登录web端或联系管理员
2025-04-30 22:12:13,201	INFO	预约成功<br/>您已违约2次,详情请登录web端或联系管理员
2025-05-01 22:12:33,348	INFO	预约成功<br/>您已违约2次,详情请登录web端或联系管理员
2025-05-02 22:12:33,147	INFO	预约成功<br/>您已违约2次,详情请登录web端或联系管理员
2025-05-03 22:11:35,448	INFO	预约成功<br/>您已违约2次,详情请登录web端或联系管理员
2025-05-04 22:11:47,357	INFO	预约成功<br/>您已违约2次,详情请登录web端或联系管理员
2025-05-05 22:12:44,169	INFO	预约成功<br/>您已违约2次,详情请登录web端或联系管理员
2025-05-06 22:12:29,019	INFO	预约成功<br/>您已违约2次,详情请登录web端或联系管理员
2025-05-07 22:12:59,607	INFO	预约成功<br/>您已违约2次,详情请登录web端或联系管理员
2025-05-08 22:12:40,679	INFO	预约成功<br/>您已违约2次,详情请登录web端或联系管理员
2025-05-09 22:12:26,386	INFO	预约成功<br/>您已违约2次,详情请登录web端或联系管理员
2025-05-10 22:11:15,096	INFO	预约成功<br/>您已违约2次,详情请登录web端或联系管理员
2025-05-11 22:11:38,538	INFO	预约成功<br/>您已违约2次,详情请登录web端或联系管理员
2025-05-12 22:13:02,441	INFO	该空间当前状态不可预约
2025-05-12 22:13:02,441	ERROR	An error occurred: 该空间当前状态不可预约
2025-05-13 07:33:39,378	INFO	当前用户在该时段已存在预约，不可重复预约
2025-05-13 07:33:39,378	ERROR	An error occurred: 当前用户在该时段已存在预约，不可重复预约
2025-05-13 22:00:08,054	INFO	预约成功<br/>您已违约2次,详情请登录web端或联系管理员
2025-05-14 22:00:10,024	INFO	预约成功<br/>您已违约2次,详情请登录web端或联系管理员
2025-05-15 22:00:08,371	INFO	预约成功<br/>您已违约2次,详情请登录web端或联系管理员
2025-05-16 22:00:08,227	INFO	该空间当前状态不可预约
2025-05-16 22:00:08,228	ERROR	An error occurred: 该空间当前状态不可预约
2025-05-17 22:00:08,617	INFO	该空间当前状态不可预约
2025-05-17 22:00:08,617	ERROR	An error occurred: 该空间当前状态不可预约
2025-05-18 22:00:09,109	INFO	该空间当前状态不可预约
2025-05-18 22:00:09,109	ERROR	An error occurred: 该空间当前状态不可预约
2025-05-19 22:00:08,275	INFO	该空间当前状态不可预约
2025-05-19 22:00:08,275	ERROR	An error occurred: 该空间当前状态不可预约
2025-05-20 22:00:10,093	INFO	预约成功<br/>您已违约2次,详情请登录web端或联系管理员
2025-05-21 22:00:07,032	INFO	预约成功<br/>您已违约2次,详情请登录web端或联系管理员
2025-05-22 22:00:10,135	INFO	预约成功<br/>您已违约2次,详情请登录web端或联系管理员
2025-05-23 22:00:08,447	INFO	预约成功<br/>您已违约2次,详情请登录web端或联系管理员
2025-05-24 22:00:07,873	INFO	预约成功<br/>您已违约2次,详情请登录web端或联系管理员
2025-05-25 22:00:08,144	INFO	预约成功<br/>您已违约2次,详情请登录web端或联系管理员
2025-05-26 22:00:09,077	INFO	预约成功<br/>您已违约2次,详情请登录web端或联系管理员
2025-05-27 22:00:10,113	INFO	预约成功<br/>您已违约2次,详情请登录web端或联系管理员
2025-05-28 22:00:10,238	INFO	预约成功<br/>您已违约2次,详情请登录web端或联系管理员
2025-05-29 22:00:08,729	INFO	预约成功<br/>您已违约2次,详情请登录web端或联系管理员
2025-05-30 22:00:10,387	INFO	预约成功<br/>您已违约2次,详情请登录web端或联系管理员
2025-05-31 22:00:10,882	INFO	预约成功<br/>您已违约2次,详情请登录web端或联系管理员
2025-06-01 22:00:09,792	INFO	预约成功<br/>您已违约2次,详情请登录web端或联系管理员
2025-06-02 22:00:09,445	INFO	预约成功<br/>您已违约2次,详情请登录web端或联系管理员
2025-06-03 22:00:08,411	INFO	预约成功<br/>您已违约2次,详情请登录web端或联系管理员
2025-06-04 22:00:09,577	INFO	预约成功<br/>您已违约2次,详情请登录web端或联系管理员
2025-06-05 22:00:08,644	INFO	预约成功<br/>您已违约2次,详情请登录web端或联系管理员
2025-06-06 22:00:09,813	INFO	预约成功<br/>您已违约2次,详情请登录web端或联系管理员
2025-06-07 22:00:09,675	INFO	预约成功<br/>您已违约2次,详情请登录web端或联系管理员
2025-06-08 22:00:08,335	INFO	预约成功
2025-06-09 22:00:11,556	INFO	预约成功
2025-06-10 22:00:18,160	INFO	None
2025-06-10 22:00:18,160	ERROR	An error occurred: None
2025-06-11 01:17:33,048	INFO	该空间当前状态不可预约
2025-06-11 01:17:33,048	ERROR	An error occurred: 该空间当前状态不可预约
2025-06-11 22:00:09,474	INFO	该空间当前状态不可预约
2025-06-11 22:00:09,474	ERROR	An error occurred: 该空间当前状态不可预约
2025-06-12 03:01:15,411	INFO	该空间当前状态不可预约
2025-06-12 03:01:15,411	ERROR	An error occurred: 该空间当前状态不可预约
2025-06-12 03:11:25,989	INFO	该空间当前状态不可预约
2025-06-12 03:11:25,989	ERROR	An error occurred: 该空间当前状态不可预约
2025-06-12 03:14:03,781	INFO	该空间当前状态不可预约
2025-06-12 03:14:03,781	ERROR	An error occurred: 该空间当前状态不可预约
2025-06-12 22:00:13,984	INFO	None
2025-06-12 22:00:13,984	ERROR	An error occurred: None
2025-06-13 11:57:03,748	INFO	该空间当前状态不可预约
2025-06-13 11:57:03,748	ERROR	An error occurred: 该空间当前状态不可预约
2025-06-13 11:57:41,626	INFO	该空间当前状态不可预约
2025-06-13 11:57:41,626	ERROR	An error occurred: 该空间当前状态不可预约
2025-06-13 22:00:09,713	INFO	由于您长时间未操作，正在重新登录
2025-06-13 22:00:09,713	ERROR	An error occurred: 由于您长时间未操作，正在重新登录
2025-06-14 22:00:09,176	INFO	预约成功
2025-06-15 22:00:09,847	INFO	预约成功
2025-06-16 22:00:10,582	INFO	该空间当前状态不可预约
2025-06-16 22:00:10,583	ERROR	An error occurred: 该空间当前状态不可预约
2025-06-17 22:00:09,925	INFO	预约成功
2025-06-18 22:00:08,792	INFO	该空间当前状态不可预约
2025-06-18 22:00:08,792	ERROR	An error occurred: 该空间当前状态不可预约
2025-06-19 22:00:10,559	INFO	预约成功
2025-06-20 22:00:07,590	INFO	预约成功
2025-06-21 22:00:13,324	INFO	该空间当前状态不可预约
2025-06-21 22:00:13,324	ERROR	An error occurred: 该空间当前状态不可预约
2025-06-22 22:00:07,757	INFO	预约成功
2025-06-23 22:00:11,478	INFO	该空间当前状态不可预约
2025-06-23 22:00:11,478	ERROR	An error occurred: 该空间当前状态不可预约
2025-06-24 22:00:11,846	INFO	预约成功
2025-06-25 22:00:08,990	INFO	该空间当前状态不可预约
2025-06-25 22:00:08,990	ERROR	An error occurred: 该空间当前状态不可预约
2025-06-26 22:00:15,038	INFO	该空间当前状态不可预约
2025-06-26 22:00:15,038	ERROR	An error occurred: 该空间当前状态不可预约
2025-06-27 22:00:10,436	INFO	预约成功
2025-06-28 22:00:08,108	INFO	预约成功
2025-06-29 22:00:08,761	INFO	由于您长时间未操作，正在重新登录
2025-06-29 22:00:08,761	ERROR	An error occurred: 由于您长时间未操作，正在重新登录
2025-06-30 22:00:09,841	INFO	该空间当前状态不可预约
2025-06-30 22:00:09,841	ERROR	An error occurred: 该空间当前状态不可预约
2025-07-01 22:00:09,888	INFO	该空间当前状态不可预约
2025-07-01 22:00:09,888	ERROR	An error occurred: 该空间当前状态不可预约
2025-07-02 22:00:08,257	INFO	预约成功
2025-07-03 22:00:09,214	INFO	该空间当前状态不可预约
2025-07-03 22:00:09,214	ERROR	An error occurred: 该空间当前状态不可预约
2025-07-04 22:00:07,888	INFO	由于您长时间未操作，正在重新登录
2025-07-04 22:00:07,888	ERROR	An error occurred: 由于您长时间未操作，正在重新登录
2025-07-05 22:00:07,479	INFO	该空间当前状态不可预约
2025-07-05 22:00:07,479	ERROR	An error occurred: 该空间当前状态不可预约
2025-07-06 22:00:08,311	INFO	由于您长时间未操作，正在重新登录
2025-07-06 22:00:08,311	ERROR	An error occurred: 由于您长时间未操作，正在重新登录
2025-07-07 22:00:07,473	INFO	预约成功
2025-07-08 22:00:07,528	INFO	预约成功
2025-07-09 22:00:07,096	INFO	预约成功
2025-07-10 22:00:09,815	INFO	预约成功
2025-07-11 22:00:07,834	INFO	由于您长时间未操作，正在重新登录
2025-07-11 22:00:07,834	ERROR	An error occurred: 由于您长时间未操作，正在重新登录
2025-07-12 22:00:09,451	INFO	该空间当前状态不可预约
2025-07-12 22:00:09,451	ERROR	An error occurred: 该空间当前状态不可预约
2025-07-13 22:00:07,930	INFO	预约成功
2025-07-14 22:00:08,059	INFO	由于您长时间未操作，正在重新登录
2025-07-14 22:00:08,059	ERROR	An error occurred: 由于您长时间未操作，正在重新登录
2025-07-15 22:00:12,252	INFO	该空间当前状态不可预约
2025-07-15 22:00:12,252	ERROR	An error occurred: 该空间当前状态不可预约
2025-07-16 22:00:09,480	INFO	预约成功
2025-07-17 22:00:08,403	INFO	预约成功
2025-07-18 22:00:08,202	INFO	该空间当前状态不可预约
2025-07-18 22:00:08,202	ERROR	An error occurred: 该空间当前状态不可预约
2025-07-19 22:00:07,976	INFO	预约成功
2025-07-20 22:00:10,104	INFO	该空间当前状态不可预约
2025-07-20 22:00:10,104	ERROR	An error occurred: 该空间当前状态不可预约
2025-07-21 22:01:20,628	ERROR	An error occurred: ('Connection aborted.', RemoteDisconnected('Remote end closed connection without response'))
2025-07-22 22:00:08,646	INFO	该空间当前状态不可预约
2025-07-22 22:00:08,646	ERROR	An error occurred: 该空间当前状态不可预约
2025-07-23 22:00:09,379	INFO	该空间当前状态不可预约
2025-07-23 22:00:09,380	ERROR	An error occurred: 该空间当前状态不可预约
2025-07-24 22:00:09,273	INFO	预约成功<br/>您已违约1次,详情请登录web端或联系管理员
2025-07-25 22:00:08,107	INFO	该空间当前状态不可预约
2025-07-25 22:00:08,107	ERROR	An error occurred: 该空间当前状态不可预约
2025-07-26 22:00:08,493	INFO	预约成功<br/>您已违约1次,详情请登录web端或联系管理员
2025-07-27 22:00:11,441	INFO	该空间当前状态不可预约
2025-07-27 22:00:11,442	ERROR	An error occurred: 该空间当前状态不可预约
2025-07-28 22:00:10,819	INFO	预约成功<br/>您已违约1次,详情请登录web端或联系管理员
2025-07-29 22:00:08,040	INFO	预约成功<br/>您已违约1次,详情请登录web端或联系管理员
2025-07-30 22:00:08,877	INFO	预约成功<br/>您已违约1次,详情请登录web端或联系管理员
2025-07-31 22:00:17,164	INFO	预约成功
2025-08-01 22:00:08,827	INFO	该空间当前状态不可预约
2025-08-01 22:00:08,828	ERROR	An error occurred: 该空间当前状态不可预约
2025-08-02 22:00:09,514	INFO	该空间当前状态不可预约
2025-08-02 22:00:09,515	ERROR	An error occurred: 该空间当前状态不可预约
2025-08-03 22:00:10,293	INFO	该空间当前状态不可预约
2025-08-03 22:00:10,293	ERROR	An error occurred: 该空间当前状态不可预约
2025-08-04 22:00:09,958	INFO	该空间当前状态不可预约
2025-08-04 22:00:09,958	ERROR	An error occurred: 该空间当前状态不可预约
2025-08-05 22:00:10,613	INFO	当前用户在该时段已存在预约，不可重复预约
2025-08-05 22:00:10,613	ERROR	An error occurred: 当前用户在该时段已存在预约，不可重复预约
2025-08-06 22:00:10,874	INFO	预约成功
2025-08-07 22:00:09,164	INFO	由于您长时间未操作，正在重新登录
2025-08-07 22:00:09,164	ERROR	An error occurred: 由于您长时间未操作，正在重新登录
2025-08-08 22:00:10,407	INFO	预约成功
2025-08-09 22:00:11,099	INFO	预约成功
2025-08-10 22:00:07,114	INFO	参数错误
2025-08-10 22:00:07,114	ERROR	An error occurred: 参数错误
2025-08-11 22:00:08,424	INFO	参数错误
2025-08-11 22:00:08,424	ERROR	An error occurred: 参数错误
2025-08-12 22:00:07,687	INFO	参数错误
2025-08-12 22:00:07,687	ERROR	An error occurred: 参数错误
2025-08-13 22:00:07,715	INFO	参数错误
2025-08-13 22:00:07,716	ERROR	An error occurred: 参数错误
2025-08-14 22:00:08,856	INFO	参数错误
2025-08-14 22:00:08,856	ERROR	An error occurred: 参数错误
2025-08-15 22:00:10,164	INFO	参数错误
2025-08-15 22:00:10,164	ERROR	An error occurred: 参数错误
2025-08-16 22:00:09,925	INFO	该空间当前状态不可预约
2025-08-16 22:00:09,925	ERROR	An error occurred: 该空间当前状态不可预约
2025-08-17 22:00:10,186	INFO	该空间当前状态不可预约
2025-08-17 22:00:10,187	ERROR	An error occurred: 该空间当前状态不可预约
2025-08-18 22:00:09,872	INFO	该空间当前状态不可预约
2025-08-18 22:00:09,872	ERROR	An error occurred: 该空间当前状态不可预约
2025-08-19 22:00:08,428	INFO	该空间当前状态不可预约
2025-08-19 22:00:08,429	ERROR	An error occurred: 该空间当前状态不可预约
2025-08-20 22:00:08,195	INFO	预约成功
2025-08-21 22:00:08,153	INFO	预约成功
2025-08-22 22:00:09,051	INFO	预约成功
2025-08-23 22:00:09,666	INFO	该空间当前状态不可预约
2025-08-23 22:00:09,666	ERROR	An error occurred: 该空间当前状态不可预约
2025-08-24 22:00:08,270	INFO	预约成功
2025-08-25 22:00:08,688	INFO	预约成功
2025-08-26 22:00:11,738	INFO	该空间当前状态不可预约
2025-08-26 22:00:11,738	ERROR	An error occurred: 该空间当前状态不可预约
2025-08-27 22:00:08,423	INFO	预约成功
2025-08-28 22:00:07,814	INFO	预约成功
2025-08-29 22:00:10,474	INFO	预约成功
2025-08-30 22:00:11,976	INFO	预约成功
2025-08-31 22:00:08,163	INFO	预约成功
2025-09-01 22:00:07,901	INFO	由于您长时间未操作，正在重新登录
2025-09-01 22:00:07,902	ERROR	An error occurred: 由于您长时间未操作，正在重新登录
2025-09-02 22:00:07,616	INFO	预约成功
2025-09-03 22:00:19,016	INFO	None
2025-09-03 22:00:19,016	ERROR	An error occurred: None
2025-09-04 22:00:07,684	INFO	预约成功
2025-09-05 22:00:07,494	INFO	由于您长时间未操作，正在重新登录
2025-09-05 22:00:07,494	ERROR	An error occurred: 由于您长时间未操作，正在重新登录
2025-09-06 22:00:08,602	INFO	该空间当前状态不可预约
2025-09-06 22:00:08,603	ERROR	An error occurred: 该空间当前状态不可预约
2025-09-07 22:00:08,378	INFO	预约成功
2025-09-08 22:00:08,572	INFO	由于您长时间未操作，正在重新登录
2025-09-08 22:00:08,572	ERROR	An error occurred: 由于您长时间未操作，正在重新登录
2025-09-09 22:00:08,894	INFO	由于您长时间未操作，正在重新登录
2025-09-09 22:00:08,895	ERROR	An error occurred: 由于您长时间未操作，正在重新登录
2025-09-10 22:00:07,554	INFO	预约成功
2025-09-11 22:00:09,253	INFO	该空间当前状态不可预约
2025-09-11 22:00:09,253	ERROR	An error occurred: 该空间当前状态不可预约
2025-09-12 22:00:06,473	INFO	预约成功
2025-09-13 22:00:07,859	INFO	由于您长时间未操作，正在重新登录
2025-09-13 22:00:07,859	ERROR	An error occurred: 由于您长时间未操作，正在重新登录
2025-09-14 22:00:08,213	INFO	预约成功
2025-09-15 22:00:09,664	INFO	预约成功
2025-09-16 22:00:09,225	INFO	预约成功
2025-09-17 22:00:09,043	INFO	预约成功
2025-09-18 22:00:10,814	INFO	该空间当前状态不可预约
2025-09-18 22:00:10,814	ERROR	An error occurred: 该空间当前状态不可预约
2025-09-19 22:00:07,991	INFO	预约成功
2025-09-20 22:00:13,119	INFO	该空间当前状态不可预约
2025-09-20 22:00:13,119	ERROR	An error occurred: 该空间当前状态不可预约
2025-09-21 22:00:09,064	INFO	预约成功
2025-09-22 22:00:07,830	INFO	预约成功
2025-09-23 22:00:07,505	INFO	由于您长时间未操作，正在重新登录
2025-09-23 22:00:07,506	ERROR	An error occurred: 由于您长时间未操作，正在重新登录
2025-09-24 22:00:10,035	INFO	预约成功
2025-09-25 22:00:07,387	INFO	该空间当前状态不可预约
2025-09-25 22:00:07,387	ERROR	An error occurred: 该空间当前状态不可预约
2025-09-26 22:00:07,713	INFO	预约成功
2025-09-27 22:00:07,825	INFO	该空间当前状态不可预约
2025-09-27 22:00:07,825	ERROR	An error occurred: 该空间当前状态不可预约
2025-09-28 22:00:06,906	INFO	预约成功
2025-09-29 22:00:07,776	INFO	预约成功
2025-09-30 22:00:09,322	INFO	该空间当前状态不可预约
2025-09-30 22:00:09,322	ERROR	An error occurred: 该空间当前状态不可预约
2025-10-01 22:00:07,250	INFO	由于您长时间未操作，正在重新登录
2025-10-01 22:00:07,250	ERROR	An error occurred: 由于您长时间未操作，正在重新登录
2025-10-02 22:00:06,011	INFO	预约成功
2025-10-03 22:00:17,329	INFO	该空间当前状态不可预约
2025-10-03 22:00:17,329	ERROR	An error occurred: 该空间当前状态不可预约
2025-10-04 22:00:09,010	INFO	该空间当前状态不可预约
2025-10-04 22:00:09,010	ERROR	An error occurred: 该空间当前状态不可预约
2025-10-05 22:00:07,418	INFO	该空间当前状态不可预约
2025-10-05 22:00:07,418	ERROR	An error occurred: 该空间当前状态不可预约
2025-10-06 22:00:05,898	INFO	预约成功
2025-10-07 22:00:07,647	INFO	预约成功
2025-10-08 22:00:08,869	INFO	该空间当前状态不可预约
2025-10-08 22:00:08,869	ERROR	An error occurred: 该空间当前状态不可预约
2025-10-09 22:00:09,635	INFO	预约成功
2025-10-10 22:00:09,527	INFO	该空间当前状态不可预约
2025-10-10 22:00:09,527	ERROR	An error occurred: 该空间当前状态不可预约
2025-10-11 22:00:08,769	INFO	预约成功
